[2026-04-18T00:38:43Z] === ENRICH ITERATION 1 START | repo=lancedb/lancedb sha=93aa0df9 ===
[2026-04-18T00:38:43Z] [iter=1] PHASE START: enrich repo=lancedb/lancedb sha=93aa0df9 runlog=/home/runner/work/forx/forx/storage/aggregate/lsp/logs/93aa0df9-enrich-iter-001.log output=/home/runner/work/forx/forx/storage/aggregate/lsp/93aa0df9729840c6f059976b41e193b5e8922fa7.nq.gz
[2026-04-18T00:38:43Z] [iter=1] Step 1: Loading AST into disk-backed store mem_mb=77 MB
[2026-04-18T00:39:17Z] [iter=1] AST store loaded triples=3782637 load_secs=33 mem_mb=909 MB
[2026-04-18T00:39:17Z] [iter=1] Step 2: Finding LSP targets mem_mb=909 MB
[2026-04-18T00:39:26Z] [iter=1] LSP targets found call_sites=40394 imports=1553 extends=217 implements=93 secs=8
[2026-04-18T00:39:32Z] [iter=1] Step 2.7: Building position index (one-shot, shared across resolvers) mem_mb=909 MB
[2026-04-18T00:39:56Z] [iter=1] Position index built positions=247643 nodes_with_types=317933 secs=24 mem_mb=909 MB
[2026-04-18T00:39:56Z] [iter=1] Step 3: Starting LSP resolution mem_mb=909 MB already_completed_types=[] already_completed_files=0
[2026-04-18T00:39:56Z] [iter=1] Resolving target type target_type=call_site count=40394
[2026-04-18T00:39:56Z] [iter=1] HEARTBEAT target_type=call_site elapsed_min=1.2 files_done=0 resolved=0 errors=0 current=nodejs/__test__/table.test.ts
[2026-04-18T00:59:21Z] [iter=1] HEARTBEAT target_type=call_site elapsed_min=20.6 files_done=1 resolved=91 errors=776 current=nodejs/__test__/arrow.test.ts
[2026-04-18T01:03:33Z] [iter=1] HEARTBEAT target_type=call_site elapsed_min=24.8 files_done=2 resolved=98 errors=945 current=nodejs/__test__/query.test.ts
[2026-04-18T01:04:26Z] [iter=1] HEARTBEAT target_type=call_site elapsed_min=25.7 files_done=3 resolved=98 errors=980 current=nodejs/__test__/remote.test.ts
[2026-04-18T01:06:11Z] [iter=1] HEARTBEAT target_type=call_site elapsed_min=27.5 files_done=4 resolved=110 errors=1050 current=nodejs/lancedb/util.ts
[2026-04-18T01:11:35Z] [iter=1] HEARTBEAT target_type=call_site elapsed_min=32.9 files_done=6 resolved=145 errors=1267 current=nodejs/__test__/registry.test.ts
[2026-04-18T01:12:58Z] [iter=1] HEARTBEAT target_type=call_site elapsed_min=34.2 files_done=7 resolved=151 errors=1322 current=nodejs/lancedb/indices.ts
[2026-04-18T01:16:04Z] [iter=1] HEARTBEAT target_type=call_site elapsed_min=37.3 files_done=9 resolved=151 errors=1446 current=nodejs/__test__/connection.test.ts
[2026-04-18T01:18:26Z] [iter=1] HEARTBEAT target_type=call_site elapsed_min=39.7 files_done=10 resolved=153 errors=1541 current=nodejs/lancedb/embedding/embedding_function.ts
[2026-04-18T01:19:00Z] [iter=1] HEARTBEAT target_type=call_site elapsed_min=40.3 files_done=11 resolved=156 errors=1564 current=nodejs/lancedb/sanitize.ts
[2026-04-18T01:20:07Z] [iter=1] HEARTBEAT target_type=call_site elapsed_min=41.4 files_done=12 resolved=208 errors=1609 current=nodejs/examples/search.test.ts
[2026-04-18T01:20:52Z] [iter=1] HEARTBEAT target_type=call_site elapsed_min=42.1 files_done=13 resolved=227 errors=1639 current=nodejs/__test__/s3_integration.test.ts
[2026-04-18T01:22:30Z] [iter=1] HEARTBEAT target_type=call_site elapsed_min=43.8 files_done=14 resolved=229 errors=1705 current=nodejs/lancedb/table.ts
[2026-04-18T01:24:37Z] [iter=1] HEARTBEAT target_type=call_site elapsed_min=45.9 files_done=15 resolved=247 errors=1790 current=nodejs/__test__/embedding.test.ts
[2026-04-18T01:26:53Z] [iter=1] HEARTBEAT target_type=call_site elapsed_min=48.2 files_done=16 resolved=273 errors=1881 current=nodejs/examples/basic.test.ts
[2026-04-18T01:28:00Z] [iter=1] HEARTBEAT target_type=call_site elapsed_min=49.3 files_done=17 resolved=284 errors=1926 current=nodejs/lancedb/query.ts
[2026-04-18T01:30:33Z] [iter=1] HEARTBEAT target_type=call_site elapsed_min=51.8 files_done=18 resolved=294 errors=2029 current=nodejs/lancedb/embedding/transformers.ts
[2026-04-18T01:31:45Z] [iter=1] HEARTBEAT target_type=call_site elapsed_min=53.0 files_done=20 resolved=303 errors=2077 current=nodejs/lancedb/embedding/index.ts
[2026-04-18T01:32:20Z] [iter=1] HEARTBEAT target_type=call_site elapsed_min=53.6 files_done=22 resolved=309 errors=2100 current=nodejs/examples/ann_indexes.test.ts
[2026-04-18T01:32:59Z] [iter=1] HEARTBEAT target_type=call_site elapsed_min=54.3 files_done=23 resolved=318 errors=2125 current=nodejs/__test__/sanitize.test.ts
[2026-04-18T01:33:37Z] [iter=1] HEARTBEAT target_type=call_site elapsed_min=54.9 files_done=25 resolved=321 errors=2150 current=nodejs/examples/custom_embedding_function.test.ts
[2026-04-18T01:34:10Z] [iter=1] HEARTBEAT target_type=call_site elapsed_min=55.5 files_done=26 resolved=321 errors=2172 current=nodejs/__test__/vector_types.test.ts
[2026-04-18T01:34:58Z] [iter=1] HEARTBEAT target_type=call_site elapsed_min=56.3 files_done=27 resolved=325 errors=2204 current=nodejs/__test__/util.test.ts
[2026-04-18T01:35:45Z] [iter=1] HEARTBEAT target_type=call_site elapsed_min=57.0 files_done=29 resolved=325 errors=2235 current=nodejs/lancedb/index.ts
[2026-04-18T01:36:27Z] [iter=1] HEARTBEAT target_type=call_site elapsed_min=57.7 files_done=32 resolved=330 errors=2263 current=nodejs/__test__/rerankers.test.ts
[2026-04-18T01:36:59Z] [iter=1] HEARTBEAT target_type=call_site elapsed_min=58.3 files_done=33 resolved=332 errors=2284 current=nodejs/examples/embedding.test.ts
[2026-04-18T01:37:54Z] [iter=1] HEARTBEAT target_type=call_site elapsed_min=59.2 files_done=34 resolved=334 errors=2321 current=nodejs/lancedb/merge.ts
[2026-04-18T01:38:33Z] [iter=1] HEARTBEAT target_type=call_site elapsed_min=59.8 files_done=37 resolved=337 errors=2347 current=nodejs/examples/filtering.test.ts
[2026-04-18T01:39:20Z] [iter=1] HEARTBEAT target_type=call_site elapsed_min=60.6 files_done=39 resolved=345 errors=2378 current=nodejs/lancedb/permutation.ts
[2026-04-18T01:41:11Z] [iter=1] HEARTBEAT target_type=call_site elapsed_min=62.5 files_done=41 resolved=345 errors=2392 current=python/src/table.rs
[2026-04-18T01:51:46Z] [iter=1] HEARTBEAT target_type=call_site elapsed_min=73.0 files_done=42 resolved=483 errors=2750 current=rust/lancedb/src/dataloader/permutation/reader.rs
[2026-04-18T01:59:27Z] [iter=1] HEARTBEAT target_type=call_site elapsed_min=80.7 files_done=43 resolved=669 errors=3055 current=rust/lancedb/src/database/namespace.rs
[2026-04-18T02:06:23Z] [iter=1] HEARTBEAT target_type=call_site elapsed_min=87.7 files_done=44 resolved=876 errors=3333 current=rust/lancedb/src/table.rs
[2026-04-18T02:28:33Z] [iter=1] HEARTBEAT target_type=call_site elapsed_min=109.8 files_done=45 resolved=1547 errors=4220 current=rust/lancedb/src/table/datafusion/scannable_exec.rs
[2026-04-18T03:01:04Z] [iter=1] HEARTBEAT target_type=call_site elapsed_min=142.4 files_done=47 resolved=3520 errors=5523 current=rust/lancedb/src/query.rs
[2026-04-18T03:15:40Z] [iter=1] HEARTBEAT target_type=call_site elapsed_min=156.9 files_done=48 resolved=3871 errors=6109 current=rust/lancedb/src/table/datafusion/insert.rs
[2026-04-18T03:18:58Z] [iter=1] HEARTBEAT target_type=call_site elapsed_min=160.3 files_done=49 resolved=3962 errors=6242 current=rust/lancedb/src/io/object_store/io_tracking.rs
[2026-04-18T03:19:47Z] [iter=1] HEARTBEAT target_type=call_site elapsed_min=161.1 files_done=50 resolved=4035 errors=6274 current=python/src/query.rs
[2026-04-18T03:27:16Z] [iter=1] HEARTBEAT target_type=call_site elapsed_min=168.5 files_done=51 resolved=4328 errors=6577 current=nodejs/src/iterator.rs
[2026-04-18T03:31:37Z] [iter=1] HEARTBEAT target_type=call_site elapsed_min=172.9 files_done=53 resolved=4567 errors=6752 current=rust/lancedb/src/connection/create_table.rs
[2026-04-18T03:35:53Z] [iter=1] HEARTBEAT target_type=call_site elapsed_min=177.2 files_done=54 resolved=4689 errors=6924 current=rust/lancedb/src/remote/db.rs
[2026-04-18T03:47:02Z] [iter=1] HEARTBEAT target_type=call_site elapsed_min=188.3 files_done=55 resolved=5201 errors=7371 current=rust/lancedb/src/table/datafusion.rs
[2026-04-18T03:49:58Z] [iter=1] HEARTBEAT target_type=call_site elapsed_min=191.2 files_done=56 resolved=5350 errors=7489 current=rust/lancedb/src/table/datafusion/udtf/fts.rs
[2026-04-18T04:04:47Z] [iter=1] HEARTBEAT target_type=call_site elapsed_min=206.1 files_done=57 resolved=5905 errors=8086 current=nodejs/src/table.rs
[2026-04-18T04:07:47Z] [iter=1] HEARTBEAT target_type=call_site elapsed_min=209.1 files_done=58 resolved=6070 errors=8207 current=rust/lancedb/src/embeddings.rs
[2026-04-18T04:09:39Z] [iter=1] HEARTBEAT target_type=call_site elapsed_min=210.9 files_done=59 resolved=6130 errors=8282 current=rust/lancedb/src/dataloader/permutation/split.rs
[2026-04-18T04:13:33Z] [iter=1] HEARTBEAT target_type=call_site elapsed_min=214.8 files_done=60 resolved=6275 errors=8439 current=rust/lancedb/src/remote/retry.rs
[2026-04-18T04:14:21Z] [iter=1] HEARTBEAT target_type=call_site elapsed_min=215.6 files_done=61 resolved=6311 errors=8471 current=rust/lancedb/src/embeddings/bedrock.rs
[2026-04-18T04:20:27Z] [iter=1] HEARTBEAT target_type=call_site elapsed_min=221.7 files_done=63 resolved=6425 errors=8718 current=rust/lancedb/examples/sentence_transformers.rs
[2026-04-18T04:21:11Z] [iter=1] HEARTBEAT target_type=call_site elapsed_min=222.5 files_done=64 resolved=6442 errors=8747 current=python/src/connection.rs
[2026-04-18T04:25:58Z] [iter=1] HEARTBEAT target_type=call_site elapsed_min=227.3 files_done=65 resolved=6523 errors=8941 current=rust/lancedb/src/database/listing.rs
[2026-04-18T04:36:49Z] [iter=1] HEARTBEAT target_type=call_site elapsed_min=238.1 files_done=66 resolved=6958 errors=9379 current=rust/lancedb/src/table/query.rs
[2026-04-18T04:38:47Z] [iter=1] CHECKPOINT TRIGGERED elapsed_min=240.1 files_completed=66 new_files_this_iter=66 mem_mb=929 MB
[2026-04-18T04:38:47Z] [iter=1] Writing partial enrichment graph path=/home/runner/work/forx/forx/storage/aggregate/lsp/93aa0df9729840c6f059976b41e193b5e8922fa7.nq.gz triples=109099
[2026-04-18T04:38:50Z] [iter=1] Checkpoint written, exiting with code 7
[2026-04-18T04:38:50Z] [iter=1] PHASE END: enrich (checkpointed) elapsed_s=14404 elapsed_min=240.1 files_completed=66
